resolvers       | caches | path '/home/doctorworm/.texlive2018/texmf-var' created
mtx-context     | run 1: luatex --fmt="/var/lib/texmf/luatex-cache/context/b47c3d3cee7cb6c86268d0595268c442/formats/luatex/cont-en" --jobname="resume" --lua="/var/lib/texmf/luatex-cache/context/b47c3d3cee7cb6c86268d0595268c442/formats/luatex/cont-en.lui" --no-parse-first-line --c:currentrun=1 --c:fulljobname="./resume.tex" --c:input="./resume.tex" --c:kindofrun=1 --c:maxnofruns=9 "cont-yes.mkiv"

This is LuaTeX, Version 1.07.0 (TeX Live 2019/dev/Debian) 
 system commands enabled.
open source     > level 1, order 1, name '/usr/share/texmf/tex/context/base/mkiv/cont-yes.mkiv'
system          > 
system          > ConTeXt  ver: 2018.04.04 00:51 MKIV beta  fmt: 2019.4.18  int: english/english
system          > 
system          > 'cont-new.mkiv' loaded
open source     > level 2, order 2, name '/usr/share/texmf/tex/context/base/mkiv/cont-new.mkiv'
close source    > level 2, order 2, name '/usr/share/texmf/tex/context/base/mkiv/cont-new.mkiv'
system          > files > jobname 'resume', input './resume', result 'resume'
fonts           > latin modern fonts are not preloaded
languages       > language 'en' is active
open source     > level 2, order 3, name '/home/doctorworm/git/resume-markdown/output/resume.tex'
colors          > defining > unknown library 'hex'
open source     > level 3, order 4, name '/usr/share/texmf/tex/context/fonts/mkiv/type-imp-texgyre.mkiv'
close source    > level 3, order 4, name '/usr/share/texmf/tex/context/fonts/mkiv/type-imp-texgyre.mkiv'
fonts           > otf loading > loading '/usr/share/texmf/fonts/opentype/public/tex-gyre/texgyreheros-regular.otf', hash 'texgyreheros-regular'
otf reader      > turning pairs of step 1 of 'gpos_pair' lookup 'p_s_1' into kerns
otf reader      > 1 steps of 24 steps turned from pairs into kerns
otf reader      > not unicoded: dblgrave.ts1 idotaccent.sc
otf reader      > 47 bogus names removed (verbose unicode)
fonts           > otf loading > loading done
fonts           > otf loading > saving '/usr/share/texmf/fonts/opentype/public/tex-gyre/texgyreheros-regular.otf' in cache
system          > lua > compiling '/home/doctorworm/.texlive2018/texmf-var/luatex-cache/context/b47c3d3cee7cb6c86268d0595268c442/fonts/otl/texgyreheros-regular.tma' into '/home/doctorworm/.texlive2018/texmf-var/luatex-cache/context/b47c3d3cee7cb6c86268d0595268c442/fonts/otl/texgyreheros-regular.tmc'
system          > lua > dumping '/home/doctorworm/.texlive2018/texmf-var/luatex-cache/context/b47c3d3cee7cb6c86268d0595268c442/fonts/otl/texgyreheros-regular.tma' into '/home/doctorworm/.texlive2018/texmf-var/luatex-cache/context/b47c3d3cee7cb6c86268d0595268c442/fonts/otl/texgyreheros-regular.tmc' stripped
fonts           > otf loading > loading, optimizing, packing and caching time 0.112
fonts           > otf loading > loading '/usr/share/texmf/fonts/opentype/public/lm-math/latinmodern-math.otf', hash 'latinmodern-math'
otf reader      > adding soft hyphen
otf reader      > duplicates: 1 : - (U+0002D) @ I0000E ­ (U+000AD)
otf reader      > not unicoded: copyleft copyleft.st copyleft.sts died died.st died.sts leaf leaf.st leaf.sts perthousandzero perthousandzero.st perthousandzero.sts star.alt star.alt.st star.alt.sts threequartersemdash threequartersemdash.st threequartersemdash.sts
otf reader      > 1459 bogus names removed (verbose unicode)
otf reader      > 4802 base class tags removed (default is base)
fonts           > otf loading > loading done
fonts           > otf loading > saving '/usr/share/texmf/fonts/opentype/public/lm-math/latinmodern-math.otf' in cache
system          > lua > compiling '/home/doctorworm/.texlive2018/texmf-var/luatex-cache/context/b47c3d3cee7cb6c86268d0595268c442/fonts/otl/latinmodern-math.tma' into '/home/doctorworm/.texlive2018/texmf-var/luatex-cache/context/b47c3d3cee7cb6c86268d0595268c442/fonts/otl/latinmodern-math.tmc'
system          > lua > dumping '/home/doctorworm/.texlive2018/texmf-var/luatex-cache/context/b47c3d3cee7cb6c86268d0595268c442/fonts/otl/latinmodern-math.tma' into '/home/doctorworm/.texlive2018/texmf-var/luatex-cache/context/b47c3d3cee7cb6c86268d0595268c442/fonts/otl/latinmodern-math.tmc' stripped
fonts           > otf loading > loading, optimizing, packing and caching time 0.416
structure       > sectioning > section @ level 3 : 0.0.1 -> Ciarán Ainsworth
fonts           > otf loading > loading '/usr/share/texmf/fonts/opentype/public/tex-gyre/texgyreheros-bold.otf', hash 'texgyreheros-bold'
otf reader      > turning pairs of step 1 of 'gpos_pair' lookup 'p_s_1' into kerns
otf reader      > 1 steps of 24 steps turned from pairs into kerns
otf reader      > not unicoded: dblgrave.ts1 idotaccent.sc
otf reader      > 47 bogus names removed (verbose unicode)
fonts           > otf loading > loading done
fonts           > otf loading > saving '/usr/share/texmf/fonts/opentype/public/tex-gyre/texgyreheros-bold.otf' in cache
system          > lua > compiling '/home/doctorworm/.texlive2018/texmf-var/luatex-cache/context/b47c3d3cee7cb6c86268d0595268c442/fonts/otl/texgyreheros-bold.tma' into '/home/doctorworm/.texlive2018/texmf-var/luatex-cache/context/b47c3d3cee7cb6c86268d0595268c442/fonts/otl/texgyreheros-bold.tmc'
system          > lua > dumping '/home/doctorworm/.texlive2018/texmf-var/luatex-cache/context/b47c3d3cee7cb6c86268d0595268c442/fonts/otl/texgyreheros-bold.tma' into '/home/doctorworm/.texlive2018/texmf-var/luatex-cache/context/b47c3d3cee7cb6c86268d0595268c442/fonts/otl/texgyreheros-bold.tmc' stripped
fonts           > otf loading > loading, optimizing, packing and caching time 0.538
structure       > sectioning > subsection @ level 4 : 0.0.1.1 -> Education
fonts           > otf loading > loading '/usr/share/texmf/fonts/opentype/public/tex-gyre/texgyreheros-italic.otf', hash 'texgyreheros-italic'
otf reader      > turning pairs of step 1 of 'gpos_pair' lookup 'p_s_1' into kerns
otf reader      > 1 steps of 24 steps turned from pairs into kerns
otf reader      > not unicoded: dblgrave.ts1 idotaccent.sc
otf reader      > 47 bogus names removed (verbose unicode)
fonts           > otf loading > loading done
fonts           > otf loading > saving '/usr/share/texmf/fonts/opentype/public/tex-gyre/texgyreheros-italic.otf' in cache
system          > lua > compiling '/home/doctorworm/.texlive2018/texmf-var/luatex-cache/context/b47c3d3cee7cb6c86268d0595268c442/fonts/otl/texgyreheros-italic.tma' into '/home/doctorworm/.texlive2018/texmf-var/luatex-cache/context/b47c3d3cee7cb6c86268d0595268c442/fonts/otl/texgyreheros-italic.tmc'
system          > lua > dumping '/home/doctorworm/.texlive2018/texmf-var/luatex-cache/context/b47c3d3cee7cb6c86268d0595268c442/fonts/otl/texgyreheros-italic.tma' into '/home/doctorworm/.texlive2018/texmf-var/luatex-cache/context/b47c3d3cee7cb6c86268d0595268c442/fonts/otl/texgyreheros-italic.tmc' stripped
fonts           > otf loading > loading, optimizing, packing and caching time 0.665
structure       > sectioning > subsection @ level 4 : 0.0.1.2 -> Work Experience
backend         > xmp > using file '/usr/share/texmf/tex/context/base/mkiv/lpdf-pdx.xml'
pages           > flushing realpage 1, userpage 1, subpage 1
structure       > sectioning > subsection @ level 4 : 0.0.1.3 -> Technical Experience
pages           > flushing realpage 2, userpage 2
structure       > sectioning > subsection @ level 4 : 0.0.1.4 -> Additional Skills
pages           > flushing realpage 3, userpage 3
close source    > level 2, order 4, name '/home/doctorworm/git/resume-markdown/output/resume.tex'
close source    > level 1, order 4, name '/usr/share/texmf/tex/context/base/mkiv/cont-yes.mkiv'

mkiv lua stats  > used config file: /usr/share/texmf/web2c/texmfcnf.lua;/usr/share/texlive/texmf-dist/web2c/texmfcnf.lua
mkiv lua stats  > used cache path: readable: '/var/lib/texmf/luatex-cache/context/b47c3d3cee7cb6c86268d0595268c442' | readable+writable: '/home/doctorworm/.texlive2018/texmf-var/luatex-cache/context/b47c3d3cee7cb6c86268d0595268c442'
mkiv lua stats  > resource resolver: loadtime 0.100 seconds, 0 scans with scantime 0.000 seconds, 0 shared scans, 14 found files, scanned paths: <none>
mkiv lua stats  > stored bytecode data: 410 modules (0.355 sec), 93 tables (0.009 sec), 503 chunks (0.364 sec)
mkiv lua stats  > traced context: maxstack: 1286, freed: 0, unreachable: 1286
mkiv lua stats  > cleaned up reserved nodes: 67 nodes, 9 lists of 453
mkiv lua stats  > node memory usage: 2 glue, 2 kern, 2 penalty, 13 attribute, 50 glue_spec, 4 attribute_list, 2 temp, 2 user_defined
mkiv lua stats  > node list callback tasks: 7 unique task lists, 8 instances (re)created, 639 calls
mkiv lua stats  > h-node processing time: 0.013 seconds including kernel
mkiv lua stats  > used backend: pdf (backend for directly generating pdf output)
mkiv lua stats  > jobdata time: 0.001 seconds saving, 0.000 seconds loading
mkiv lua stats  > callbacks: internal: 1973, file: 743, direct: 0, late: 0, function 0, total: 2716 (1358 per page)
mkiv lua stats  > randomizer: resumed with value 0.3375096522912
mkiv lua stats  > loaded patterns: en::2, load time: 0.000
mkiv lua stats  > interactive elements: 15 references, 11 destinations
mkiv lua stats  > result saved in file: resume.pdf, compresslevel 3, objectcompresslevel 3
mkiv lua stats  > loaded fonts: 4 files: latinmodern-math.otf, texgyreheros-bold.otf, texgyreheros-italic.otf, texgyreheros-regular.otf
mkiv lua stats  > font engine: otf 3.103, afm 1.513, tfm 1.000, 10 instances, 4 shared in backend, 0 common vectors, 4 common hashes, load time 0.789 seconds 
mkiv lua stats  > pdf annotations: 15 links (15 unique), 0 special
mkiv lua stats  > used platform: linux-64, type: unix, binary subtree: usr
mkiv lua stats  > used engine: luatex version 1.07 with functionality level 6686, banner: this is luatex, version 1.07.0 (tex live 2019/dev/debian)
mkiv lua stats  > control sequences: 46730 of 65536 + 100000
mkiv lua stats  > lua properties: engine: lua 5.2, used memory: 222 MB (ctx: 223 MB), hash type: lua, hash chars: min(64,40), symbol mask: utf (τεχ)
mkiv lua stats  > runtime: 1.303 seconds, 3 processed pages, 3 shipped pages, 2.302 pages/second
mtx-context     | run 2: luatex --fmt="/var/lib/texmf/luatex-cache/context/b47c3d3cee7cb6c86268d0595268c442/formats/luatex/cont-en" --jobname="resume" --lua="/var/lib/texmf/luatex-cache/context/b47c3d3cee7cb6c86268d0595268c442/formats/luatex/cont-en.lui" --no-parse-first-line --c:currentrun=2 --c:fulljobname="./resume.tex" --c:input="./resume.tex" --c:kindofrun=2 --c:maxnofruns=9 "cont-yes.mkiv"

This is LuaTeX, Version 1.07.0 (TeX Live 2019/dev/Debian) 
 system commands enabled.
open source     > level 1, order 1, name '/usr/share/texmf/tex/context/base/mkiv/cont-yes.mkiv'
system          > 
system          > ConTeXt  ver: 2018.04.04 00:51 MKIV beta  fmt: 2019.4.18  int: english/english
system          > 
system          > 'cont-new.mkiv' loaded
open source     > level 2, order 2, name '/usr/share/texmf/tex/context/base/mkiv/cont-new.mkiv'
close source    > level 2, order 2, name '/usr/share/texmf/tex/context/base/mkiv/cont-new.mkiv'
system          > files > jobname 'resume', input './resume', result 'resume'
fonts           > latin modern fonts are not preloaded
languages       > language 'en' is active
open source     > level 2, order 3, name '/home/doctorworm/git/resume-markdown/output/resume.tex'
colors          > defining > unknown library 'hex'
open source     > level 3, order 4, name '/usr/share/texmf/tex/context/fonts/mkiv/type-imp-texgyre.mkiv'
close source    > level 3, order 4, name '/usr/share/texmf/tex/context/fonts/mkiv/type-imp-texgyre.mkiv'
structure       > sectioning > section @ level 3 : 0.0.1 -> Ciarán Ainsworth
structure       > sectioning > subsection @ level 4 : 0.0.1.1 -> Education
structure       > sectioning > subsection @ level 4 : 0.0.1.2 -> Work Experience
backend         > xmp > using file '/usr/share/texmf/tex/context/base/mkiv/lpdf-pdx.xml'
pages           > flushing realpage 1, userpage 1, subpage 1
structure       > sectioning > subsection @ level 4 : 0.0.1.3 -> Technical Experience
pages           > flushing realpage 2, userpage 2
structure       > sectioning > subsection @ level 4 : 0.0.1.4 -> Additional Skills
pages           > flushing realpage 3, userpage 3
close source    > level 2, order 4, name '/home/doctorworm/git/resume-markdown/output/resume.tex'
close source    > level 1, order 4, name '/usr/share/texmf/tex/context/base/mkiv/cont-yes.mkiv'

mkiv lua stats  > used config file: /usr/share/texmf/web2c/texmfcnf.lua;/usr/share/texlive/texmf-dist/web2c/texmfcnf.lua
mkiv lua stats  > used cache path: readable: '/var/lib/texmf/luatex-cache/context/b47c3d3cee7cb6c86268d0595268c442' | readable+writable: '/home/doctorworm/.texlive2018/texmf-var/luatex-cache/context/b47c3d3cee7cb6c86268d0595268c442'
mkiv lua stats  > resource resolver: loadtime 0.108 seconds, 0 scans with scantime 0.000 seconds, 0 shared scans, 14 found files, scanned paths: <none>
mkiv lua stats  > stored bytecode data: 410 modules (0.368 sec), 93 tables (0.010 sec), 503 chunks (0.378 sec)
mkiv lua stats  > traced context: maxstack: 1286, freed: 0, unreachable: 1286
mkiv lua stats  > cleaned up reserved nodes: 67 nodes, 9 lists of 453
mkiv lua stats  > node memory usage: 2 glue, 2 kern, 2 penalty, 13 attribute, 50 glue_spec, 4 attribute_list, 2 temp, 2 user_defined
mkiv lua stats  > node list callback tasks: 7 unique task lists, 8 instances (re)created, 639 calls
mkiv lua stats  > h-node processing time: 0.013 seconds including kernel
mkiv lua stats  > used backend: pdf (backend for directly generating pdf output)
mkiv lua stats  > jobdata time: 0.001 seconds saving, 0.000 seconds loading
mkiv lua stats  > callbacks: internal: 1973, file: 743, direct: 0, late: 0, function 0, total: 2716 (1358 per page)
mkiv lua stats  > randomizer: resumed with value 0.3375096522912
mkiv lua stats  > loaded patterns: en::2, load time: 0.000
mkiv lua stats  > interactive elements: 15 references, 11 destinations
mkiv lua stats  > result saved in file: resume.pdf, compresslevel 3, objectcompresslevel 3
mkiv lua stats  > loaded fonts: 4 files: latinmodern-math.otf, texgyreheros-bold.otf, texgyreheros-italic.otf, texgyreheros-regular.otf
mkiv lua stats  > font engine: otf 3.103, afm 1.513, tfm 1.000, 10 instances, 4 shared in backend, 0 common vectors, 4 common hashes, load time 0.129 seconds 
mkiv lua stats  > pdf annotations: 15 links (15 unique), 0 special
mkiv lua stats  > used platform: linux-64, type: unix, binary subtree: usr
mkiv lua stats  > used engine: luatex version 1.07 with functionality level 6686, banner: this is luatex, version 1.07.0 (tex live 2019/dev/debian)
mkiv lua stats  > control sequences: 46729 of 65536 + 100000
mkiv lua stats  > lua properties: engine: lua 5.2, used memory: 154 MB (ctx: 154 MB), hash type: lua, hash chars: min(64,40), symbol mask: utf (τεχ)
mkiv lua stats  > runtime: 0.659 seconds, 3 processed pages, 3 shipped pages, 4.552 pages/second
system          | total runtime: 3.284 seconds

